<?xml version="1.0" encoding="UTF-8"?>
<!-- Generated by org.testng.reporters.JUnitReportReporter -->
<testsuite hostname="DESKTOP-0UROFON" failures="0" tests="4" name="test.java.Com.qa.sel.AmazonProject.AmazonLoginTestNG" time="0.025" errors="0" timestamp="2022-05-13T11:09:11 IST" skipped="0">
  <testcase classname="test.java.Com.qa.sel.AmazonProject.AmazonLoginTestNG" name="launchapp" time="0.015"/>
  <system-out/>
  <testcase classname="test.java.Com.qa.sel.AmazonProject.AmazonLoginTestNG" name="homepage" time="0.001"/>
  <system-out/>
  <testcase classname="test.java.Com.qa.sel.AmazonProject.AmazonLoginTestNG" name="usermanagement" time="0.007"/>
  <system-out/>
  <testcase classname="test.java.Com.qa.sel.AmazonProject.AmazonLoginTestNG" name="AddItem" time="0.002"/>
  <system-out/>
</testsuite> <!-- test.java.Com.qa.sel.AmazonProject.AmazonLoginTestNG -->
